#
# There is insufficient memory for the Java Runtime Environment to continue.
# Native memory allocation (mmap) failed to map 266338304 bytes. Error detail: G1 virtual space
# Possible reasons:
#   The system is out of physical RAM or swap space
#   This process is running with CompressedOops enabled, and the Java Heap may be blocking the growth of the native heap
# Possible solutions:
#   Reduce memory load on the system
#   Increase physical memory or swap space
#   Check if swap backing store is full
#   Decrease Java heap size (-Xmx/-Xms)
#   Decrease number of Java threads
#   Decrease Java thread stack sizes (-Xss)
#   Set larger code cache with -XX:ReservedCodeCacheSize=
#   JVM is running with Zero Based Compressed Oops mode in which the Java heap is
#     placed in the first 32GB address space. The Java Heap base address is the
#     maximum limit for the native heap growth. Please use -XX:HeapBaseMinAddress
#     to set the Java Heap base and to place the Java Heap above 32GB virtual address.
# This output file may be truncated or incomplete.
#
#  Out of Memory Error (os_windows.cpp:3707), pid=16096, tid=1324
#
# JRE version:  (23.0.2+7) (build )
# Java VM: OpenJDK 64-Bit Server VM (23.0.2+7-FR, mixed mode, sharing, tiered, compressed oops, compressed class ptrs, g1 gc, windows-amd64)
# No core dump will be written. Minidumps are not enabled by default on client versions of Windows
#

---------------  S U M M A R Y ------------

Command Line: -javaagent:T:\PHAN_MEM\IntelliJ IDEA 2024.3.5\lib\idea_rt.jar=59382 -Dfile.encoding=UTF-8 -Dsun.stdout.encoding=UTF-8 -Dsun.stderr.encoding=UTF-8 --module-path=C:\Users\Admin\.m2\repository\org\openjfx\javafx-graphics\23.0.1\javafx-graphics-23.0.1-win.jar;C:\Users\Admin\.m2\repository\org\openjfx\javafx-base\23.0.1\javafx-base-23.0.1-win.jar;T:\HOC_TAP\LAP_TRINH\LAPTRINH_JAVA\GiaoDienMoi\target\classes;T:\HOC_TAP\LAP_TRINH\LAPTRINH_JAVA\GiaoDienMoi\PLUGINS\fontawesomefx-8.2.jar;C:\Users\Admin\.m2\repository\org\openjfx\javafx-fxml\23.0.1\javafx-fxml-23.0.1-win.jar;C:\Users\Admin\.m2\repository\org\openjfx\javafx-controls\23.0.1\javafx-controls-23.0.1-win.jar;C:\Users\Admin\.m2\repository\org\mindrot\jbcrypt\0.4\jbcrypt-0.4.jar -Djdk.module.main=com.antam.app com.antam.app/com.antam.app.gui.GiaoDienChinh

Host: Intel(R) Xeon(R) CPU E5-2676 v3 @ 2.40GHz, 24 cores, 15G,  Windows 10 , 64 bit Build 19041 (10.0.19041.3155)
Time: Wed Dec  3 18:46:43 2025 SE Asia Standard Time elapsed time: 0.047605 seconds (0d 0h 0m 0s)

---------------  T H R E A D  ---------------

Current thread (0x000002b19b3c0830):  JavaThread "Unknown thread" [_thread_in_vm, id=1324, stack(0x000000d3df200000,0x000000d3df300000) (1024K)]

Stack: [0x000000d3df200000,0x000000d3df300000]
Native frames: (J=compiled Java code, j=interpreted, Vv=VM code, C=native code)
V  [jvm.dll+0x6f3b69]  (no source info available)
V  [jvm.dll+0x8e5d05]  (no source info available)
V  [jvm.dll+0x8e7fbe]  (no source info available)
V  [jvm.dll+0x8e86a3]  (no source info available)
V  [jvm.dll+0x285ee6]  (no source info available)
V  [jvm.dll+0x6f03c5]  (no source info available)
V  [jvm.dll+0x6e3dba]  (no source info available)
V  [jvm.dll+0x36a35b]  (no source info available)
V  [jvm.dll+0x372796]  (no source info available)
V  [jvm.dll+0x35ee56]  (no source info available)
V  [jvm.dll+0x35f118]  (no source info available)
V  [jvm.dll+0x336cfc]  (no source info available)
V  [jvm.dll+0x337afe]  (no source info available)
V  [jvm.dll+0x8aab65]  (no source info available)
V  [jvm.dll+0x3c89d8]  (no source info available)
V  [jvm.dll+0x8938ec]  (no source info available)
V  [jvm.dll+0x46246e]  (no source info available)
V  [jvm.dll+0x4642b1]  (no source info available)
C  [jli.dll+0x52ab]  (no source info available)
C  [ucrtbase.dll+0x21bb2]  (no source info available)
C  [KERNEL32.DLL+0x17614]  (no source info available)
C  [ntdll.dll+0x526b1]  (no source info available)

Lock stack of current Java thread (top to bottom):


---------------  P R O C E S S  ---------------

Threads class SMR info:
_java_thread_list=0x00007ffb67504ad8, length=0, elements={
}

Java Threads: ( => current thread )
Total: 0

Other Threads:
  0x000002b19d82b580 WorkerThread "GC Thread#0"                     [id=16000, stack(0x000000d3df300000,0x000000d3df400000) (1024K)]
  0x000002b19d8408d0 ConcurrentGCThread "G1 Main Marker"            [id=15472, stack(0x000000d3df400000,0x000000d3df500000) (1024K)]
  0x000002b19d842840 WorkerThread "G1 Conc#0"                       [id=4832, stack(0x000000d3df500000,0x000000d3df600000) (1024K)]

[error occurred during error reporting (printing all threads), id 0xc0000005, EXCEPTION_ACCESS_VIOLATION (0xc0000005) at pc=0x00007ffb66bdb0da]
VM state: not at safepoint (not fully initialized)

VM Mutex/Monitor currently owned by a thread:  ([mutex/lock_event])
[0x00007ffb67587dd8] Heap_lock - owner thread: 0x000002b19b3c0830

Heap address: 0x0000000702600000, size: 4058 MB, Compressed Oops mode: Zero based, Oop shift amount: 3

CDS archive(s) mapped at: [0x0000000000000000-0x0000000000000000-0x0000000000000000), size 0, SharedBaseAddress: 0x0000000800000000, ArchiveRelocationMode: 1.
Narrow klass base: 0x0000000000000000, Narrow klass shift: 0, Narrow klass range: 0x0

GC Precious Log:
 CardTable entry size: 512
 Card Set container configuration: InlinePtr #cards 4 size 8 Array Of Cards #cards 16 size 48 Howl #buckets 8 coarsen threshold 3686 Howl Bitmap #cards 512 size 80 coarsen threshold 460 Card regions per heap region 1 cards per card region 4096

Heap:
 garbage-first heap   total reserved 4155392K, committed 0K, used 0K [0x0000000702600000, 0x0000000800000000)
  region size 2048K, 0 young (0K), 0 survivors (0K)

[error occurred during error reporting (printing heap information), id 0xc0000005, EXCEPTION_ACCESS_VIOLATION (0xc0000005) at pc=0x00007ffb66fe01c9]
GC Heap History (0 events):
No events

Dll operation events (1 events):
Event: 0.014 Loaded shared library C:\Users\Admin\.jdks\corretto-23.0.2\bin\java.dll

Deoptimization events (0 events):
No events

Classes loaded (0 events):
No events

Classes unloaded (0 events):
No events

Classes redefined (0 events):
No events

Internal exceptions (0 events):
No events

VM Operations (0 events):
No events

Memory protections (0 events):
No events

Nmethod flushes (0 events):
No events

Events (0 events):
No events


Dynamic libraries:
0x00007ff79f730000 - 0x00007ff79f73e000 	C:\Users\Admin\.jdks\corretto-23.0.2\bin\java.exe
0x00007ffba7d30000 - 0x00007ffba7f28000 	C:\Windows\SYSTEM32\ntdll.dll
0x00007ffb7ed90000 - 0x00007ffb7edb0000 	C:\Program Files\Avast Software\Avast\aswhook.dll
0x00007ffba5ee0000 - 0x00007ffba5f9f000 	C:\Windows\System32\KERNEL32.DLL
0x00007ffba5970000 - 0x00007ffba5c66000 	C:\Windows\System32\KERNELBASE.dll
0x00007ffba56d0000 - 0x00007ffba57d0000 	C:\Windows\System32\ucrtbase.dll
0x00007ffba03d0000 - 0x00007ffba03e7000 	C:\Users\Admin\.jdks\corretto-23.0.2\bin\jli.dll
0x00007ffb9bbc0000 - 0x00007ffb9bbdb000 	C:\Users\Admin\.jdks\corretto-23.0.2\bin\VCRUNTIME140.dll
0x00007ffba6670000 - 0x00007ffba680d000 	C:\Windows\System32\USER32.dll
0x00007ffba5570000 - 0x00007ffba5592000 	C:\Windows\System32\win32u.dll
0x00007ffb908a0000 - 0x00007ffb90b3a000 	C:\Windows\WinSxS\amd64_microsoft.windows.common-controls_6595b64144ccf1df_6.0.19041.1110_none_60b5254171f9507e\COMCTL32.dll
0x00007ffba6fa0000 - 0x00007ffba6fcc000 	C:\Windows\System32\GDI32.dll
0x00007ffba7030000 - 0x00007ffba70ce000 	C:\Windows\System32\msvcrt.dll
0x00007ffba5c70000 - 0x00007ffba5d85000 	C:\Windows\System32\gdi32full.dll
0x00007ffba58d0000 - 0x00007ffba596d000 	C:\Windows\System32\msvcp_win.dll
0x00007ffba6810000 - 0x00007ffba6840000 	C:\Windows\System32\IMM32.DLL
0x00007ffba1090000 - 0x00007ffba109c000 	C:\Users\Admin\.jdks\corretto-23.0.2\bin\vcruntime140_1.dll
0x00007ffb7a850000 - 0x00007ffb7a8dd000 	C:\Users\Admin\.jdks\corretto-23.0.2\bin\msvcp140.dll
0x00007ffb66890000 - 0x00007ffb67668000 	C:\Users\Admin\.jdks\corretto-23.0.2\bin\server\jvm.dll
0x00007ffba65b0000 - 0x00007ffba665f000 	C:\Windows\System32\ADVAPI32.dll
0x00007ffba6f00000 - 0x00007ffba6f9c000 	C:\Windows\System32\sechost.dll
0x00007ffba7140000 - 0x00007ffba7266000 	C:\Windows\System32\RPCRT4.dll
0x00007ffba5e10000 - 0x00007ffba5e7b000 	C:\Windows\System32\WS2_32.dll
0x00007ffba4f90000 - 0x00007ffba4fdb000 	C:\Windows\SYSTEM32\POWRPROF.dll
0x00007ffb9a6b0000 - 0x00007ffb9a6d7000 	C:\Windows\SYSTEM32\WINMM.dll
0x00007ffb9eb40000 - 0x00007ffb9eb4a000 	C:\Windows\SYSTEM32\VERSION.dll
0x00007ffba4f70000 - 0x00007ffba4f82000 	C:\Windows\SYSTEM32\UMPDC.dll
0x00007ffba32e0000 - 0x00007ffba32f2000 	C:\Windows\SYSTEM32\kernel.appcore.dll
0x00007ffb8e440000 - 0x00007ffb8e44a000 	C:\Users\Admin\.jdks\corretto-23.0.2\bin\jimage.dll
0x00007ffb9dbb0000 - 0x00007ffb9dd94000 	C:\Windows\SYSTEM32\DBGHELP.DLL
0x00007ffb9dab0000 - 0x00007ffb9dae4000 	C:\Windows\SYSTEM32\dbgcore.DLL
0x00007ffba5840000 - 0x00007ffba58c2000 	C:\Windows\System32\bcryptPrimitives.dll
0x00007ffba0f00000 - 0x00007ffba0f0e000 	C:\Users\Admin\.jdks\corretto-23.0.2\bin\instrument.dll
0x00007ffb89460000 - 0x00007ffb8947e000 	C:\Users\Admin\.jdks\corretto-23.0.2\bin\java.dll
0x00007ffba5fa0000 - 0x00007ffba60ca000 	C:\Windows\System32\ole32.dll
0x00007ffba60d0000 - 0x00007ffba6424000 	C:\Windows\System32\combase.dll
0x00007ffba75a0000 - 0x00007ffba7ce4000 	C:\Windows\System32\SHELL32.dll

dbghelp: loaded successfully - version: 4.0.5 - missing functions: none
symbol engine: initialized successfully - sym options: 0x614 - pdb path: .;C:\Users\Admin\.jdks\corretto-23.0.2\bin;C:\Windows\SYSTEM32;C:\Program Files\Avast Software\Avast;C:\Windows\WinSxS\amd64_microsoft.windows.common-controls_6595b64144ccf1df_6.0.19041.1110_none_60b5254171f9507e;C:\Users\Admin\.jdks\corretto-23.0.2\bin\server

VM Arguments:
jvm_args: -javaagent:T:\PHAN_MEM\IntelliJ IDEA 2024.3.5\lib\idea_rt.jar=59382 -Dfile.encoding=UTF-8 -Dsun.stdout.encoding=UTF-8 -Dsun.stderr.encoding=UTF-8 --module-path=C:\Users\Admin\.m2\repository\org\openjfx\javafx-graphics\23.0.1\javafx-graphics-23.0.1-win.jar;C:\Users\Admin\.m2\repository\org\openjfx\javafx-base\23.0.1\javafx-base-23.0.1-win.jar;T:\HOC_TAP\LAP_TRINH\LAPTRINH_JAVA\GiaoDienMoi\target\classes;T:\HOC_TAP\LAP_TRINH\LAPTRINH_JAVA\GiaoDienMoi\PLUGINS\fontawesomefx-8.2.jar;C:\Users\Admin\.m2\repository\org\openjfx\javafx-fxml\23.0.1\javafx-fxml-23.0.1-win.jar;C:\Users\Admin\.m2\repository\org\openjfx\javafx-controls\23.0.1\javafx-controls-23.0.1-win.jar;C:\Users\Admin\.m2\repository\org\mindrot\jbcrypt\0.4\jbcrypt-0.4.jar -Djdk.module.main=com.antam.app 
java_command: com.antam.app/com.antam.app.gui.GiaoDienChinh
java_class_path (initial): C:\Users\Admin\.m2\repository\org\openjfx\javafx-controls\23.0.1\javafx-controls-23.0.1.jar;C:\Users\Admin\.m2\repository\org\openjfx\javafx-graphics\23.0.1\javafx-graphics-23.0.1.jar;C:\Users\Admin\.m2\repository\org\openjfx\javafx-base\23.0.1\javafx-base-23.0.1.jar;C:\Users\Admin\.m2\repository\org\openjfx\javafx-fxml\23.0.1\javafx-fxml-23.0.1.jar;T:\HOC_TAP\LAP_TRINH\LAPTRINH_JAVA\GiaoDienMoi\PLUGINS\sqljdbc42.jar
Launcher Type: SUN_STANDARD

[Global flags]
     intx CICompilerCount                          = 12                                        {product} {ergonomic}
     uint ConcGCThreads                            = 5                                         {product} {ergonomic}
     uint G1ConcRefinementThreads                  = 18                                        {product} {ergonomic}
   size_t G1HeapRegionSize                         = 2097152                                   {product} {ergonomic}
   size_t InitialHeapSize                          = 266338304                                 {product} {ergonomic}
   size_t MarkStackSize                            = 4194304                                   {product} {ergonomic}
   size_t MarkStackSizeMax                         = 536870912                                 {product} {ergonomic}
   size_t MaxHeapSize                              = 4255121408                                {product} {ergonomic}
   size_t MinHeapDeltaBytes                        = 2097152                                   {product} {ergonomic}
   size_t MinHeapSize                              = 8388608                                   {product} {ergonomic}
    uintx NonNMethodCodeHeapSize                   = 7602176                                {pd product} {ergonomic}
    uintx NonProfiledCodeHeapSize                  = 122093568                              {pd product} {ergonomic}
    uintx ProfiledCodeHeapSize                     = 121962496                              {pd product} {ergonomic}
    uintx ReservedCodeCacheSize                    = 251658240                              {pd product} {ergonomic}
     bool SegmentedCodeCache                       = true                                      {product} {ergonomic}
   size_t SoftMaxHeapSize                          = 4255121408                             {manageable} {ergonomic}
     bool UseCompressedOops                        = true                           {product lp64_product} {ergonomic}
     bool UseG1GC                                  = true                                      {product} {ergonomic}
     bool UseLargePagesIndividualAllocation        = false                                  {pd product} {ergonomic}

Logging:
Log output configuration:
 #0: stdout all=warning uptime,level,tags foldmultilines=false
 #1: stderr all=off uptime,level,tags foldmultilines=false

Environment Variables:
PATH=C:\Program Files\Microsoft MPI\Bin\;C:\Program Files (x86)\Common Files\Oracle\Java\javapath;C:\Windows\system32;C:\Windows;C:\Windows\System32\Wbem;C:\Windows\System32\WindowsPowerShell\v1.0\;C:\Windows\System32\OpenSSH\;C:\Program Files\Git\cmd;C:\Program Files (x86)\Microsoft SQL Server\160\DTS\Binn\;C:\Program Files (x86)\Microsoft SQL Server\160\Tools\Binn\;C:\Program Files\Microsoft SQL Server\160\Tools\Binn\;C:\Program Files\Microsoft SQL Server\Client SDK\ODBC\170\Tools\Binn\;C:\Program Files\Microsoft SQL Server\160\DTS\Binn\;C:\Program Files\dotnet\;T:\PHAN_MEM\NodeJs\;C:\Users\Admin\AppData\Local\Microsoft\WindowsApps;T:\PHAN_MEM\Microsoft VS Code\bin;T:\PHAN_MEM\IntelliJ IDEA 2024.3.5\bin;;C:\Users\Admin\.dotnet\tools;C:\Users\Admin\AppData\Roaming\npm
USERNAME=Admin
OS=Windows_NT
PROCESSOR_IDENTIFIER=Intel64 Family 6 Model 63 Stepping 2, GenuineIntel
TMP=C:\Users\Admin\AppData\Local\Temp
TEMP=C:\Users\Admin\AppData\Local\Temp




Periodic native trim disabled

---------------  S Y S T E M  ---------------

OS:
 Windows 10 , 64 bit Build 19041 (10.0.19041.3155)
OS uptime: 0 days 7:00 hours

CPU: total 24 (initial active 24) (12 cores per cpu, 2 threads per core) family 6 model 63 stepping 2 microcode 0x43, cx8, cmov, fxsr, ht, mmx, sse, sse2, sse3, ssse3, sse4.1, sse4.2, popcnt, lzcnt, tsc, tscinvbit, avx, avx2, aes, erms, clmul, bmi1, bmi2, fma, vzeroupper, clflush, rdtscp, f16c
Processor Information for the first 24 processors :
  Max Mhz: 2401, Current Mhz: 2401, Mhz Limit: 2401

Memory: 4k page, system-wide physical 16225M (6439M free)
TotalPageFile size 16225M (AvailPageFile size 67M)
current process WorkingSet (physical memory assigned to process): 12M, peak: 12M
current process commit charge ("private bytes"): 82M, peak: 335M

vm_info: OpenJDK 64-Bit Server VM (23.0.2+7-FR) for windows-amd64 JRE (23.0.2+7-FR), built on 2025-01-07T22:59:58Z with MS VC++ 16.10 / 16.11 (VS2019)

END.
