#
# There is insufficient memory for the Java Runtime Environment to continue.
# Native memory allocation (malloc) failed to allocate 32744 bytes. Error detail: Chunk::new
# Possible reasons:
#   The system is out of physical RAM or swap space
#   This process is running with CompressedOops enabled, and the Java Heap may be blocking the growth of the native heap
# Possible solutions:
#   Reduce memory load on the system
#   Increase physical memory or swap space
#   Check if swap backing store is full
#   Decrease Java heap size (-Xmx/-Xms)
#   Decrease number of Java threads
#   Decrease Java thread stack sizes (-Xss)
#   Set larger code cache with -XX:ReservedCodeCacheSize=
#   JVM is running with Zero Based Compressed Oops mode in which the Java heap is
#     placed in the first 32GB address space. The Java Heap base address is the
#     maximum limit for the native heap growth. Please use -XX:HeapBaseMinAddress
#     to set the Java Heap base and to place the Java Heap above 32GB virtual address.
# This output file may be truncated or incomplete.
#
#  Out of Memory Error (arena.cpp:149), pid=12648, tid=360
#
# JRE version: OpenJDK Runtime Environment Corretto-23.0.2.7.1 (23.0.2+7) (build 23.0.2+7-FR)
# Java VM: OpenJDK 64-Bit Server VM Corretto-23.0.2.7.1 (23.0.2+7-FR, mixed mode, sharing, tiered, compressed oops, compressed class ptrs, g1 gc, windows-amd64)
# No core dump will be written. Minidumps are not enabled by default on client versions of Windows
#

---------------  S U M M A R Y ------------

Command Line: -javaagent:T:\PHAN_MEM\IntelliJ IDEA 2024.3.5\lib\idea_rt.jar=54331 -Dfile.encoding=UTF-8 -Dsun.stdout.encoding=UTF-8 -Dsun.stderr.encoding=UTF-8 --module-path=C:\Users\Admin\.m2\repository\org\openjfx\javafx-graphics\23.0.1\javafx-graphics-23.0.1-win.jar;C:\Users\Admin\.m2\repository\org\openjfx\javafx-base\23.0.1\javafx-base-23.0.1-win.jar;T:\HOC_TAP\LAP_TRINH\LAPTRINH_JAVA\GiaoDienMoi\target\classes;T:\HOC_TAP\LAP_TRINH\LAPTRINH_JAVA\GiaoDienMoi\PLUGINS\fontawesomefx-8.2.jar;C:\Users\Admin\.m2\repository\org\openjfx\javafx-fxml\23.0.1\javafx-fxml-23.0.1-win.jar;C:\Users\Admin\.m2\repository\org\openjfx\javafx-controls\23.0.1\javafx-controls-23.0.1-win.jar;C:\Users\Admin\.m2\repository\org\mindrot\jbcrypt\0.4\jbcrypt-0.4.jar -Djdk.module.main=com.antam.app com.antam.app/com.antam.app.gui.GiaoDienChinh

Host: Intel(R) Xeon(R) CPU E5-2676 v3 @ 2.40GHz, 24 cores, 15G,  Windows 10 , 64 bit Build 19041 (10.0.19041.3155)
Time: Wed Dec  3 18:50:55 2025 SE Asia Standard Time elapsed time: 0.103472 seconds (0d 0h 0m 0s)

---------------  T H R E A D  ---------------

Current thread (0x000001e784cc65d0):  JavaThread "C1 CompilerThread0" daemon [_thread_in_native, id=360, stack(0x000000de71900000,0x000000de71a00000) (1024K)]


Current CompileTask:
C1:103    8       3       java.lang.String::charAt (25 bytes)

Stack: [0x000000de71900000,0x000000de71a00000]
Native frames: (J=compiled Java code, j=interpreted, Vv=VM code, C=native code)
V  [jvm.dll+0x6f3b69]  (no source info available)
V  [jvm.dll+0x8e5d05]  (no source info available)
V  [jvm.dll+0x8e7fbe]  (no source info available)
V  [jvm.dll+0x8e86a3]  (no source info available)
V  [jvm.dll+0x285ee6]  (no source info available)
V  [jvm.dll+0xbd2df]  (no source info available)
V  [jvm.dll+0xbd53b]  (no source info available)
V  [jvm.dll+0x198c6f]  (no source info available)
V  [jvm.dll+0x19a235]  (no source info available)
V  [jvm.dll+0x19d8b2]  (no source info available)
V  [jvm.dll+0x156442]  (no source info available)
V  [jvm.dll+0x155c2e]  (no source info available)
V  [jvm.dll+0x155eeb]  (no source info available)
V  [jvm.dll+0x1551f1]  (no source info available)
V  [jvm.dll+0x1570a1]  (no source info available)
V  [jvm.dll+0x25e6b1]  (no source info available)
V  [jvm.dll+0x25c97b]  (no source info available)
V  [jvm.dll+0x3fd8f6]  (no source info available)
V  [jvm.dll+0x88b4a8]  (no source info available)
V  [jvm.dll+0x6f23a5]  (no source info available)
C  [ucrtbase.dll+0x21bb2]  (no source info available)
C  [KERNEL32.DLL+0x17614]  (no source info available)
C  [ntdll.dll+0x526b1]  (no source info available)

Lock stack of current Java thread (top to bottom):


---------------  P R O C E S S  ---------------

Threads class SMR info:
_java_thread_list=0x000001e7c611e620, length=13, elements={
0x000001e7e3f3ec80, 0x000001e784cac140, 0x000001e784cade10, 0x000001e784caf080,
0x000001e784caff60, 0x000001e784cb49e0, 0x000001e784cb5440, 0x000001e784cc1af0,
0x000001e784cc65d0, 0x000001e7c60e5760, 0x000001e7c60cbf50, 0x000001e7c6120940,
0x000001e7c60cc5c0
}

Java Threads: ( => current thread )
  0x000001e7e3f3ec80 JavaThread "main"                              [_thread_in_Java, id=13924, stack(0x000000de70a00000,0x000000de70b00000) (1024K)]
  0x000001e784cac140 JavaThread "Reference Handler"          daemon [_thread_blocked, id=13480, stack(0x000000de71200000,0x000000de71300000) (1024K)]
  0x000001e784cade10 JavaThread "Finalizer"                  daemon [_thread_blocked, id=11580, stack(0x000000de71300000,0x000000de71400000) (1024K)]
  0x000001e784caf080 JavaThread "Signal Dispatcher"          daemon [_thread_blocked, id=3252, stack(0x000000de71400000,0x000000de71500000) (1024K)]
  0x000001e784caff60 JavaThread "Attach Listener"            daemon [_thread_blocked, id=1428, stack(0x000000de71500000,0x000000de71600000) (1024K)]
  0x000001e784cb49e0 JavaThread "Service Thread"             daemon [_thread_blocked, id=2828, stack(0x000000de71600000,0x000000de71700000) (1024K)]
  0x000001e784cb5440 JavaThread "Monitor Deflation Thread"   daemon [_thread_blocked, id=13168, stack(0x000000de71700000,0x000000de71800000) (1024K)]
  0x000001e784cc1af0 JavaThread "C2 CompilerThread0"         daemon [_thread_blocked, id=6152, stack(0x000000de71800000,0x000000de71900000) (1024K)]
=>0x000001e784cc65d0 JavaThread "C1 CompilerThread0"         daemon [_thread_in_native, id=360, stack(0x000000de71900000,0x000000de71a00000) (1024K)]
  0x000001e7c60e5760 JavaThread "C1 CompilerThread1"         daemon [_thread_in_vm, id=14328, stack(0x000000de71a00000,0x000000de71b00000) (1024K)]
  0x000001e7c60cbf50 JavaThread "Common-Cleaner"             daemon [_thread_blocked, id=14428, stack(0x000000de71c00000,0x000000de71d00000) (1024K)]
  0x000001e7c6120940 JavaThread "C1 CompilerThread2"         daemon [_thread_in_native, id=16368, stack(0x000000de71b00000,0x000000de71c00000) (1024K)]
  0x000001e7c60cc5c0 JavaThread "C1 CompilerThread3"         daemon [_thread_blocked, id=12964, stack(0x000000de71d00000,0x000000de71e00000) (1024K)]
Total: 13

Other Threads:
  0x000001e784c95230 VMThread "VM Thread"                           [id=2072, stack(0x000000de71100000,0x000000de71200000) (1024K)]
  0x000001e7c60809d0 WatcherThread "VM Periodic Task Thread"        [id=14396, stack(0x000000de71000000,0x000000de71100000) (1024K)]
  0x000001e7e3fa88a0 WorkerThread "GC Thread#0"                     [id=12352, stack(0x000000de70b00000,0x000000de70c00000) (1024K)]
  0x000001e7e3fbe910 ConcurrentGCThread "G1 Main Marker"            [id=10852, stack(0x000000de70c00000,0x000000de70d00000) (1024K)]
  0x000001e7e3fc0fd0 WorkerThread "G1 Conc#0"                       [id=4700, stack(0x000000de70d00000,0x000000de70e00000) (1024K)]
  0x000001e784bd6840 ConcurrentGCThread "G1 Refine#0"               [id=7636, stack(0x000000de70e00000,0x000000de70f00000) (1024K)]
  0x000001e784bd82e0 ConcurrentGCThread "G1 Service"                [id=4408, stack(0x000000de70f00000,0x000000de71000000) (1024K)]
Total: 7

Threads with active compile tasks:
C2 CompilerThread0  261  183       4       jdk.internal.util.ArraysSupport::hashCodeOfUnsigned (55 bytes)
C1 CompilerThread0  261    8       3       java.lang.String::charAt (25 bytes)
C1 CompilerThread1  261  180       3       jdk.internal.module.Checks::isJavaIdentifier (76 bytes)
C1 CompilerThread2  261  182       3       java.lang.CharacterDataLatin1::isJavaIdentifierStart (23 bytes)
C1 CompilerThread3  261  178       3       jdk.internal.misc.Unsafe::allocateUninitializedArray0 (90 bytes)
Total: 5

VM state: not at safepoint (normal execution)

VM Mutex/Monitor currently owned by a thread:  ([mutex/lock_event])
[0x00007ffb67586858] MethodCompileQueue_lock - owner thread: 0x0000000000000000
[0x00007ffb67587bd8] CodeCache_lock - owner thread: 0x0000000000000000

Heap address: 0x0000000702600000, size: 4058 MB, Compressed Oops mode: Zero based, Oop shift amount: 3

CDS archive(s) mapped at: [0x000001e785000000-0x000001e785d70000-0x000001e785d70000), size 14090240, SharedBaseAddress: 0x000001e785000000, ArchiveRelocationMode: 1.
Compressed class space mapped at: 0x000001e786000000-0x000001e7c6000000, reserved size: 1073741824
Narrow klass base: 0x000001e785000000, Narrow klass shift: 0, Narrow klass range: 0x41000000

GC Precious Log:
 CardTable entry size: 512
 Card Set container configuration: InlinePtr #cards 4 size 8 Array Of Cards #cards 16 size 48 Howl #buckets 8 coarsen threshold 3686 Howl Bitmap #cards 512 size 80 coarsen threshold 460 Card regions per heap region 1 cards per card region 4096
 CPUs: 24 total, 24 available
 Memory: 16225M
 Large Page Support: Disabled
 NUMA Support: Disabled
 Compressed Oops: Enabled (Zero based)
 Heap Region Size: 2M
 Heap Min Capacity: 8M
 Heap Initial Capacity: 254M
 Heap Max Capacity: 4058M
 Pre-touch: Disabled
 Parallel Workers: 18
 Concurrent Workers: 5
 Concurrent Refinement Workers: 18
 Periodic GC: Disabled

Heap:
 garbage-first heap   total reserved 4155392K, committed 260096K, used 2048K [0x0000000702600000, 0x0000000800000000)
  region size 2048K, 2 young (4096K), 0 survivors (0K)
 Metaspace       used 322K, committed 512K, reserved 1114112K
  class space    used 16K, committed 128K, reserved 1048576K

Heap Regions: E=young(eden), S=young(survivor), O=old, HS=humongous(starts), HC=humongous(continues), CS=collection set, F=free, TAMS=top-at-mark-start, PB=parsable bottom
|   0|0x0000000702600000, 0x0000000702600000, 0x0000000702800000|  0%| F|  |TAMS 0x0000000702600000| PB 0x0000000702600000| Untracked |  0
|   1|0x0000000702800000, 0x0000000702800000, 0x0000000702a00000|  0%| F|  |TAMS 0x0000000702800000| PB 0x0000000702800000| Untracked |  0
|   2|0x0000000702a00000, 0x0000000702a00000, 0x0000000702c00000|  0%| F|  |TAMS 0x0000000702a00000| PB 0x0000000702a00000| Untracked |  0
|   3|0x0000000702c00000, 0x0000000702c00000, 0x0000000702e00000|  0%| F|  |TAMS 0x0000000702c00000| PB 0x0000000702c00000| Untracked |  0
|   4|0x0000000702e00000, 0x0000000702e00000, 0x0000000703000000|  0%| F|  |TAMS 0x0000000702e00000| PB 0x0000000702e00000| Untracked |  0
|   5|0x0000000703000000, 0x0000000703000000, 0x0000000703200000|  0%| F|  |TAMS 0x0000000703000000| PB 0x0000000703000000| Untracked |  0
|   6|0x0000000703200000, 0x0000000703200000, 0x0000000703400000|  0%| F|  |TAMS 0x0000000703200000| PB 0x0000000703200000| Untracked |  0
|   7|0x0000000703400000, 0x0000000703400000, 0x0000000703600000|  0%| F|  |TAMS 0x0000000703400000| PB 0x0000000703400000| Untracked |  0
|   8|0x0000000703600000, 0x0000000703600000, 0x0000000703800000|  0%| F|  |TAMS 0x0000000703600000| PB 0x0000000703600000| Untracked |  0
|   9|0x0000000703800000, 0x0000000703800000, 0x0000000703a00000|  0%| F|  |TAMS 0x0000000703800000| PB 0x0000000703800000| Untracked |  0
|  10|0x0000000703a00000, 0x0000000703a00000, 0x0000000703c00000|  0%| F|  |TAMS 0x0000000703a00000| PB 0x0000000703a00000| Untracked |  0
|  11|0x0000000703c00000, 0x0000000703c00000, 0x0000000703e00000|  0%| F|  |TAMS 0x0000000703c00000| PB 0x0000000703c00000| Untracked |  0
|  12|0x0000000703e00000, 0x0000000703e00000, 0x0000000704000000|  0%| F|  |TAMS 0x0000000703e00000| PB 0x0000000703e00000| Untracked |  0
|  13|0x0000000704000000, 0x0000000704000000, 0x0000000704200000|  0%| F|  |TAMS 0x0000000704000000| PB 0x0000000704000000| Untracked |  0
|  14|0x0000000704200000, 0x0000000704200000, 0x0000000704400000|  0%| F|  |TAMS 0x0000000704200000| PB 0x0000000704200000| Untracked |  0
|  15|0x0000000704400000, 0x0000000704400000, 0x0000000704600000|  0%| F|  |TAMS 0x0000000704400000| PB 0x0000000704400000| Untracked |  0
|  16|0x0000000704600000, 0x0000000704600000, 0x0000000704800000|  0%| F|  |TAMS 0x0000000704600000| PB 0x0000000704600000| Untracked |  0
|  17|0x0000000704800000, 0x0000000704800000, 0x0000000704a00000|  0%| F|  |TAMS 0x0000000704800000| PB 0x0000000704800000| Untracked |  0
|  18|0x0000000704a00000, 0x0000000704a00000, 0x0000000704c00000|  0%| F|  |TAMS 0x0000000704a00000| PB 0x0000000704a00000| Untracked |  0
|  19|0x0000000704c00000, 0x0000000704c00000, 0x0000000704e00000|  0%| F|  |TAMS 0x0000000704c00000| PB 0x0000000704c00000| Untracked |  0
|  20|0x0000000704e00000, 0x0000000704e00000, 0x0000000705000000|  0%| F|  |TAMS 0x0000000704e00000| PB 0x0000000704e00000| Untracked |  0
|  21|0x0000000705000000, 0x0000000705000000, 0x0000000705200000|  0%| F|  |TAMS 0x0000000705000000| PB 0x0000000705000000| Untracked |  0
|  22|0x0000000705200000, 0x0000000705200000, 0x0000000705400000|  0%| F|  |TAMS 0x0000000705200000| PB 0x0000000705200000| Untracked |  0
|  23|0x0000000705400000, 0x0000000705400000, 0x0000000705600000|  0%| F|  |TAMS 0x0000000705400000| PB 0x0000000705400000| Untracked |  0
|  24|0x0000000705600000, 0x0000000705600000, 0x0000000705800000|  0%| F|  |TAMS 0x0000000705600000| PB 0x0000000705600000| Untracked |  0
|  25|0x0000000705800000, 0x0000000705800000, 0x0000000705a00000|  0%| F|  |TAMS 0x0000000705800000| PB 0x0000000705800000| Untracked |  0
|  26|0x0000000705a00000, 0x0000000705a00000, 0x0000000705c00000|  0%| F|  |TAMS 0x0000000705a00000| PB 0x0000000705a00000| Untracked |  0
|  27|0x0000000705c00000, 0x0000000705c00000, 0x0000000705e00000|  0%| F|  |TAMS 0x0000000705c00000| PB 0x0000000705c00000| Untracked |  0
|  28|0x0000000705e00000, 0x0000000705e00000, 0x0000000706000000|  0%| F|  |TAMS 0x0000000705e00000| PB 0x0000000705e00000| Untracked |  0
|  29|0x0000000706000000, 0x0000000706000000, 0x0000000706200000|  0%| F|  |TAMS 0x0000000706000000| PB 0x0000000706000000| Untracked |  0
|  30|0x0000000706200000, 0x0000000706200000, 0x0000000706400000|  0%| F|  |TAMS 0x0000000706200000| PB 0x0000000706200000| Untracked |  0
|  31|0x0000000706400000, 0x0000000706400000, 0x0000000706600000|  0%| F|  |TAMS 0x0000000706400000| PB 0x0000000706400000| Untracked |  0
|  32|0x0000000706600000, 0x0000000706600000, 0x0000000706800000|  0%| F|  |TAMS 0x0000000706600000| PB 0x0000000706600000| Untracked |  0
|  33|0x0000000706800000, 0x0000000706800000, 0x0000000706a00000|  0%| F|  |TAMS 0x0000000706800000| PB 0x0000000706800000| Untracked |  0
|  34|0x0000000706a00000, 0x0000000706a00000, 0x0000000706c00000|  0%| F|  |TAMS 0x0000000706a00000| PB 0x0000000706a00000| Untracked |  0
|  35|0x0000000706c00000, 0x0000000706c00000, 0x0000000706e00000|  0%| F|  |TAMS 0x0000000706c00000| PB 0x0000000706c00000| Untracked |  0
|  36|0x0000000706e00000, 0x0000000706e00000, 0x0000000707000000|  0%| F|  |TAMS 0x0000000706e00000| PB 0x0000000706e00000| Untracked |  0
|  37|0x0000000707000000, 0x0000000707000000, 0x0000000707200000|  0%| F|  |TAMS 0x0000000707000000| PB 0x0000000707000000| Untracked |  0
|  38|0x0000000707200000, 0x0000000707200000, 0x0000000707400000|  0%| F|  |TAMS 0x0000000707200000| PB 0x0000000707200000| Untracked |  0
|  39|0x0000000707400000, 0x0000000707400000, 0x0000000707600000|  0%| F|  |TAMS 0x0000000707400000| PB 0x0000000707400000| Untracked |  0
|  40|0x0000000707600000, 0x0000000707600000, 0x0000000707800000|  0%| F|  |TAMS 0x0000000707600000| PB 0x0000000707600000| Untracked |  0
|  41|0x0000000707800000, 0x0000000707800000, 0x0000000707a00000|  0%| F|  |TAMS 0x0000000707800000| PB 0x0000000707800000| Untracked |  0
|  42|0x0000000707a00000, 0x0000000707a00000, 0x0000000707c00000|  0%| F|  |TAMS 0x0000000707a00000| PB 0x0000000707a00000| Untracked |  0
|  43|0x0000000707c00000, 0x0000000707c00000, 0x0000000707e00000|  0%| F|  |TAMS 0x0000000707c00000| PB 0x0000000707c00000| Untracked |  0
|  44|0x0000000707e00000, 0x0000000707e00000, 0x0000000708000000|  0%| F|  |TAMS 0x0000000707e00000| PB 0x0000000707e00000| Untracked |  0
|  45|0x0000000708000000, 0x0000000708000000, 0x0000000708200000|  0%| F|  |TAMS 0x0000000708000000| PB 0x0000000708000000| Untracked |  0
|  46|0x0000000708200000, 0x0000000708200000, 0x0000000708400000|  0%| F|  |TAMS 0x0000000708200000| PB 0x0000000708200000| Untracked |  0
|  47|0x0000000708400000, 0x0000000708400000, 0x0000000708600000|  0%| F|  |TAMS 0x0000000708400000| PB 0x0000000708400000| Untracked |  0
|  48|0x0000000708600000, 0x0000000708600000, 0x0000000708800000|  0%| F|  |TAMS 0x0000000708600000| PB 0x0000000708600000| Untracked |  0
|  49|0x0000000708800000, 0x0000000708800000, 0x0000000708a00000|  0%| F|  |TAMS 0x0000000708800000| PB 0x0000000708800000| Untracked |  0
|  50|0x0000000708a00000, 0x0000000708a00000, 0x0000000708c00000|  0%| F|  |TAMS 0x0000000708a00000| PB 0x0000000708a00000| Untracked |  0
|  51|0x0000000708c00000, 0x0000000708c00000, 0x0000000708e00000|  0%| F|  |TAMS 0x0000000708c00000| PB 0x0000000708c00000| Untracked |  0
|  52|0x0000000708e00000, 0x0000000708e00000, 0x0000000709000000|  0%| F|  |TAMS 0x0000000708e00000| PB 0x0000000708e00000| Untracked |  0
|  53|0x0000000709000000, 0x0000000709000000, 0x0000000709200000|  0%| F|  |TAMS 0x0000000709000000| PB 0x0000000709000000| Untracked |  0
|  54|0x0000000709200000, 0x0000000709200000, 0x0000000709400000|  0%| F|  |TAMS 0x0000000709200000| PB 0x0000000709200000| Untracked |  0
|  55|0x0000000709400000, 0x0000000709400000, 0x0000000709600000|  0%| F|  |TAMS 0x0000000709400000| PB 0x0000000709400000| Untracked |  0
|  56|0x0000000709600000, 0x0000000709600000, 0x0000000709800000|  0%| F|  |TAMS 0x0000000709600000| PB 0x0000000709600000| Untracked |  0
|  57|0x0000000709800000, 0x0000000709800000, 0x0000000709a00000|  0%| F|  |TAMS 0x0000000709800000| PB 0x0000000709800000| Untracked |  0
|  58|0x0000000709a00000, 0x0000000709a00000, 0x0000000709c00000|  0%| F|  |TAMS 0x0000000709a00000| PB 0x0000000709a00000| Untracked |  0
|  59|0x0000000709c00000, 0x0000000709c00000, 0x0000000709e00000|  0%| F|  |TAMS 0x0000000709c00000| PB 0x0000000709c00000| Untracked |  0
|  60|0x0000000709e00000, 0x0000000709e00000, 0x000000070a000000|  0%| F|  |TAMS 0x0000000709e00000| PB 0x0000000709e00000| Untracked |  0
|  61|0x000000070a000000, 0x000000070a000000, 0x000000070a200000|  0%| F|  |TAMS 0x000000070a000000| PB 0x000000070a000000| Untracked |  0
|  62|0x000000070a200000, 0x000000070a200000, 0x000000070a400000|  0%| F|  |TAMS 0x000000070a200000| PB 0x000000070a200000| Untracked |  0
|  63|0x000000070a400000, 0x000000070a400000, 0x000000070a600000|  0%| F|  |TAMS 0x000000070a400000| PB 0x000000070a400000| Untracked |  0
|  64|0x000000070a600000, 0x000000070a600000, 0x000000070a800000|  0%| F|  |TAMS 0x000000070a600000| PB 0x000000070a600000| Untracked |  0
|  65|0x000000070a800000, 0x000000070a800000, 0x000000070aa00000|  0%| F|  |TAMS 0x000000070a800000| PB 0x000000070a800000| Untracked |  0
|  66|0x000000070aa00000, 0x000000070aa00000, 0x000000070ac00000|  0%| F|  |TAMS 0x000000070aa00000| PB 0x000000070aa00000| Untracked |  0
|  67|0x000000070ac00000, 0x000000070ac00000, 0x000000070ae00000|  0%| F|  |TAMS 0x000000070ac00000| PB 0x000000070ac00000| Untracked |  0
|  68|0x000000070ae00000, 0x000000070ae00000, 0x000000070b000000|  0%| F|  |TAMS 0x000000070ae00000| PB 0x000000070ae00000| Untracked |  0
|  69|0x000000070b000000, 0x000000070b000000, 0x000000070b200000|  0%| F|  |TAMS 0x000000070b000000| PB 0x000000070b000000| Untracked |  0
|  70|0x000000070b200000, 0x000000070b200000, 0x000000070b400000|  0%| F|  |TAMS 0x000000070b200000| PB 0x000000070b200000| Untracked |  0
|  71|0x000000070b400000, 0x000000070b400000, 0x000000070b600000|  0%| F|  |TAMS 0x000000070b400000| PB 0x000000070b400000| Untracked |  0
|  72|0x000000070b600000, 0x000000070b600000, 0x000000070b800000|  0%| F|  |TAMS 0x000000070b600000| PB 0x000000070b600000| Untracked |  0
|  73|0x000000070b800000, 0x000000070b800000, 0x000000070ba00000|  0%| F|  |TAMS 0x000000070b800000| PB 0x000000070b800000| Untracked |  0
|  74|0x000000070ba00000, 0x000000070ba00000, 0x000000070bc00000|  0%| F|  |TAMS 0x000000070ba00000| PB 0x000000070ba00000| Untracked |  0
|  75|0x000000070bc00000, 0x000000070bc00000, 0x000000070be00000|  0%| F|  |TAMS 0x000000070bc00000| PB 0x000000070bc00000| Untracked |  0
|  76|0x000000070be00000, 0x000000070be00000, 0x000000070c000000|  0%| F|  |TAMS 0x000000070be00000| PB 0x000000070be00000| Untracked |  0
|  77|0x000000070c000000, 0x000000070c000000, 0x000000070c200000|  0%| F|  |TAMS 0x000000070c000000| PB 0x000000070c000000| Untracked |  0
|  78|0x000000070c200000, 0x000000070c200000, 0x000000070c400000|  0%| F|  |TAMS 0x000000070c200000| PB 0x000000070c200000| Untracked |  0
|  79|0x000000070c400000, 0x000000070c400000, 0x000000070c600000|  0%| F|  |TAMS 0x000000070c400000| PB 0x000000070c400000| Untracked |  0
|  80|0x000000070c600000, 0x000000070c600000, 0x000000070c800000|  0%| F|  |TAMS 0x000000070c600000| PB 0x000000070c600000| Untracked |  0
|  81|0x000000070c800000, 0x000000070c800000, 0x000000070ca00000|  0%| F|  |TAMS 0x000000070c800000| PB 0x000000070c800000| Untracked |  0
|  82|0x000000070ca00000, 0x000000070ca00000, 0x000000070cc00000|  0%| F|  |TAMS 0x000000070ca00000| PB 0x000000070ca00000| Untracked |  0
|  83|0x000000070cc00000, 0x000000070cc00000, 0x000000070ce00000|  0%| F|  |TAMS 0x000000070cc00000| PB 0x000000070cc00000| Untracked |  0
|  84|0x000000070ce00000, 0x000000070ce00000, 0x000000070d000000|  0%| F|  |TAMS 0x000000070ce00000| PB 0x000000070ce00000| Untracked |  0
|  85|0x000000070d000000, 0x000000070d000000, 0x000000070d200000|  0%| F|  |TAMS 0x000000070d000000| PB 0x000000070d000000| Untracked |  0
|  86|0x000000070d200000, 0x000000070d200000, 0x000000070d400000|  0%| F|  |TAMS 0x000000070d200000| PB 0x000000070d200000| Untracked |  0
|  87|0x000000070d400000, 0x000000070d400000, 0x000000070d600000|  0%| F|  |TAMS 0x000000070d400000| PB 0x000000070d400000| Untracked |  0
|  88|0x000000070d600000, 0x000000070d600000, 0x000000070d800000|  0%| F|  |TAMS 0x000000070d600000| PB 0x000000070d600000| Untracked |  0
|  89|0x000000070d800000, 0x000000070d800000, 0x000000070da00000|  0%| F|  |TAMS 0x000000070d800000| PB 0x000000070d800000| Untracked |  0
|  90|0x000000070da00000, 0x000000070da00000, 0x000000070dc00000|  0%| F|  |TAMS 0x000000070da00000| PB 0x000000070da00000| Untracked |  0
|  91|0x000000070dc00000, 0x000000070dc00000, 0x000000070de00000|  0%| F|  |TAMS 0x000000070dc00000| PB 0x000000070dc00000| Untracked |  0
|  92|0x000000070de00000, 0x000000070de00000, 0x000000070e000000|  0%| F|  |TAMS 0x000000070de00000| PB 0x000000070de00000| Untracked |  0
|  93|0x000000070e000000, 0x000000070e000000, 0x000000070e200000|  0%| F|  |TAMS 0x000000070e000000| PB 0x000000070e000000| Untracked |  0
|  94|0x000000070e200000, 0x000000070e200000, 0x000000070e400000|  0%| F|  |TAMS 0x000000070e200000| PB 0x000000070e200000| Untracked |  0
|  95|0x000000070e400000, 0x000000070e400000, 0x000000070e600000|  0%| F|  |TAMS 0x000000070e400000| PB 0x000000070e400000| Untracked |  0
|  96|0x000000070e600000, 0x000000070e600000, 0x000000070e800000|  0%| F|  |TAMS 0x000000070e600000| PB 0x000000070e600000| Untracked |  0
|  97|0x000000070e800000, 0x000000070e800000, 0x000000070ea00000|  0%| F|  |TAMS 0x000000070e800000| PB 0x000000070e800000| Untracked |  0
|  98|0x000000070ea00000, 0x000000070ea00000, 0x000000070ec00000|  0%| F|  |TAMS 0x000000070ea00000| PB 0x000000070ea00000| Untracked |  0
|  99|0x000000070ec00000, 0x000000070ec00000, 0x000000070ee00000|  0%| F|  |TAMS 0x000000070ec00000| PB 0x000000070ec00000| Untracked |  0
| 100|0x000000070ee00000, 0x000000070ee00000, 0x000000070f000000|  0%| F|  |TAMS 0x000000070ee00000| PB 0x000000070ee00000| Untracked |  0
| 101|0x000000070f000000, 0x000000070f000000, 0x000000070f200000|  0%| F|  |TAMS 0x000000070f000000| PB 0x000000070f000000| Untracked |  0
| 102|0x000000070f200000, 0x000000070f200000, 0x000000070f400000|  0%| F|  |TAMS 0x000000070f200000| PB 0x000000070f200000| Untracked |  0
| 103|0x000000070f400000, 0x000000070f400000, 0x000000070f600000|  0%| F|  |TAMS 0x000000070f400000| PB 0x000000070f400000| Untracked |  0
| 104|0x000000070f600000, 0x000000070f600000, 0x000000070f800000|  0%| F|  |TAMS 0x000000070f600000| PB 0x000000070f600000| Untracked |  0
| 105|0x000000070f800000, 0x000000070f800000, 0x000000070fa00000|  0%| F|  |TAMS 0x000000070f800000| PB 0x000000070f800000| Untracked |  0
| 106|0x000000070fa00000, 0x000000070fa00000, 0x000000070fc00000|  0%| F|  |TAMS 0x000000070fa00000| PB 0x000000070fa00000| Untracked |  0
| 107|0x000000070fc00000, 0x000000070fc00000, 0x000000070fe00000|  0%| F|  |TAMS 0x000000070fc00000| PB 0x000000070fc00000| Untracked |  0
| 108|0x000000070fe00000, 0x000000070fe00000, 0x0000000710000000|  0%| F|  |TAMS 0x000000070fe00000| PB 0x000000070fe00000| Untracked |  0
| 109|0x0000000710000000, 0x0000000710000000, 0x0000000710200000|  0%| F|  |TAMS 0x0000000710000000| PB 0x0000000710000000| Untracked |  0
| 110|0x0000000710200000, 0x0000000710200000, 0x0000000710400000|  0%| F|  |TAMS 0x0000000710200000| PB 0x0000000710200000| Untracked |  0
| 111|0x0000000710400000, 0x0000000710400000, 0x0000000710600000|  0%| F|  |TAMS 0x0000000710400000| PB 0x0000000710400000| Untracked |  0
| 112|0x0000000710600000, 0x0000000710600000, 0x0000000710800000|  0%| F|  |TAMS 0x0000000710600000| PB 0x0000000710600000| Untracked |  0
| 113|0x0000000710800000, 0x0000000710800000, 0x0000000710a00000|  0%| F|  |TAMS 0x0000000710800000| PB 0x0000000710800000| Untracked |  0
| 114|0x0000000710a00000, 0x0000000710a00000, 0x0000000710c00000|  0%| F|  |TAMS 0x0000000710a00000| PB 0x0000000710a00000| Untracked |  0
| 115|0x0000000710c00000, 0x0000000710c00000, 0x0000000710e00000|  0%| F|  |TAMS 0x0000000710c00000| PB 0x0000000710c00000| Untracked |  0
| 116|0x0000000710e00000, 0x0000000710e00000, 0x0000000711000000|  0%| F|  |TAMS 0x0000000710e00000| PB 0x0000000710e00000| Untracked |  0
| 117|0x0000000711000000, 0x0000000711000000, 0x0000000711200000|  0%| F|  |TAMS 0x0000000711000000| PB 0x0000000711000000| Untracked |  0
| 118|0x0000000711200000, 0x0000000711200000, 0x0000000711400000|  0%| F|  |TAMS 0x0000000711200000| PB 0x0000000711200000| Untracked |  0
| 119|0x0000000711400000, 0x0000000711400000, 0x0000000711600000|  0%| F|  |TAMS 0x0000000711400000| PB 0x0000000711400000| Untracked |  0
| 120|0x0000000711600000, 0x0000000711600000, 0x0000000711800000|  0%| F|  |TAMS 0x0000000711600000| PB 0x0000000711600000| Untracked |  0
| 121|0x0000000711800000, 0x0000000711800000, 0x0000000711a00000|  0%| F|  |TAMS 0x0000000711800000| PB 0x0000000711800000| Untracked |  0
| 122|0x0000000711a00000, 0x0000000711a00000, 0x0000000711c00000|  0%| F|  |TAMS 0x0000000711a00000| PB 0x0000000711a00000| Untracked |  0
| 123|0x0000000711c00000, 0x0000000711c00000, 0x0000000711e00000|  0%| F|  |TAMS 0x0000000711c00000| PB 0x0000000711c00000| Untracked |  0
| 124|0x0000000711e00000, 0x0000000711e00000, 0x0000000712000000|  0%| F|  |TAMS 0x0000000711e00000| PB 0x0000000711e00000| Untracked |  0
| 125|0x0000000712000000, 0x00000007121eb8b8, 0x0000000712200000| 96%| E|  |TAMS 0x0000000712000000| PB 0x0000000712000000| Complete |  0
| 126|0x0000000712200000, 0x0000000712400000, 0x0000000712400000|100%| E|CS|TAMS 0x0000000712200000| PB 0x0000000712200000| Complete |  0

Card table byte_map: [0x000001e7fcfc0000,0x000001e7fd7b0000] _byte_map_base: 0x000001e7f97ad000

Marking Bits: (CMBitMap*) 0x000001e7e3fa8fb0
 Bits: [0x000001e780000000, 0x000001e783f68000)

Polling page: 0x000001e7e3710000

Metaspace:

Usage:
  Non-class:    341.53 KB used.
      Class:     16.36 KB used.
       Both:    357.89 KB used.

Virtual space:
  Non-class space:       64.00 MB reserved,     448.00 KB ( <1%) committed,  1 nodes.
      Class space:        1.00 GB reserved,     128.00 KB ( <1%) committed,  1 nodes.
             Both:        1.06 GB reserved,     576.00 KB ( <1%) committed. 

Chunk freelists:
   Non-Class:  12.00 MB
       Class:  15.75 MB
        Both:  27.74 MB

MaxMetaspaceSize: unlimited
CompressedClassSpaceSize: 1.00 GB
Initial GC threshold: 21.00 MB
Current GC threshold: 21.00 MB
CDS: on
 - commit_granule_bytes: 65536.
 - commit_granule_words: 8192.
 - virtual_space_node_default_size: 8388608.
 - enlarge_chunks_in_place: 1.
 - use_allocation_guard: 0.


Internal statistics:

num_allocs_failed_limit: 0.
num_arena_births: 6.
num_arena_deaths: 0.
num_vsnodes_births: 2.
num_vsnodes_deaths: 0.
num_space_committed: 9.
num_space_uncommitted: 0.
num_chunks_returned_to_freelist: 0.
num_chunks_taken_from_freelist: 7.
num_chunk_merges: 0.
num_chunk_splits: 5.
num_chunks_enlarged: 2.
num_inconsistent_stats: 0.

CodeHeap 'non-profiled nmethods': size=119232Kb used=47Kb max_used=47Kb free=119184Kb
 bounds [0x000001e7f4470000, 0x000001e7f46e0000, 0x000001e7fb8e0000]
CodeHeap 'profiled nmethods': size=119104Kb used=260Kb max_used=260Kb free=118843Kb
 bounds [0x000001e7ec8e0000, 0x000001e7ecb50000, 0x000001e7f3d30000]
CodeHeap 'non-nmethods': size=7424Kb used=2976Kb max_used=2989Kb free=4448Kb
 bounds [0x000001e7f3d30000, 0x000001e7f4020000, 0x000001e7f4470000]
CodeCache: size=245760Kb, used=3283Kb, max_used=3296Kb, free=242475Kb
 total_blobs=641, nmethods=232, adapters=312, full_count=0
Compilation: enabled, stopped_count=0, restarted_count=0

Compilation events (13 events):
Event: 0.096 Thread 0x000001e784cc65d0    4       3       java.lang.Object::<init> (1 bytes)
Event: 0.097 Thread 0x000001e784cc65d0 nmethod 4 0x000001e7ec8e0008 code [0x000001e7ec8e0120, 0x000001e7ec8e0228]
Event: 0.097 Thread 0x000001e784cc65d0    3       3       java.lang.String::isLatin1 (19 bytes)
Event: 0.097 Thread 0x000001e784cc65d0 nmethod 3 0x000001e7ec8e0308 code [0x000001e7ec8e0420, 0x000001e7ec8e0590]
Event: 0.097 Thread 0x000001e784cc65d0    6       3       jdk.internal.util.ArraysSupport::unsignedHashCode (36 bytes)
Event: 0.097 Thread 0x000001e784cc65d0 nmethod 6 0x000001e7ec8e0608 code [0x000001e7ec8e0740, 0x000001e7ec8e0960]
Event: 0.097 Thread 0x000001e784cc65d0    2       3       java.lang.Byte::toUnsignedInt (6 bytes)
Event: 0.097 Thread 0x000001e784cc65d0 nmethod 2 0x000001e7ec8e0988 code [0x000001e7ec8e0aa0, 0x000001e7ec8e0b98]
Event: 0.097 Thread 0x000001e784cc65d0    1       3       java.lang.String::hashCode (60 bytes)
Event: 0.098 Thread 0x000001e784cc65d0 nmethod 1 0x000001e7ec8e0c88 code [0x000001e7ec8e0de0, 0x000001e7ec8e1190]
Event: 0.098 Thread 0x000001e784cc65d0    7       3       jdk.internal.util.Preconditions::checkIndex (18 bytes)
Event: 0.098 Thread 0x000001e784cc65d0 nmethod 7 0x000001e7ec8e1208 code [0x000001e7ec8e1320, 0x000001e7ec8e14a8]
Event: 0.098 Thread 0x000001e784cc65d0    8       3       java.lang.String::charAt (25 bytes)

GC Heap History (0 events):
No events

Dll operation events (2 events):
Event: 0.013 Loaded shared library C:\Users\Admin\.jdks\corretto-23.0.2\bin\java.dll
Event: 0.098 Loaded shared library C:\Users\Admin\.jdks\corretto-23.0.2\bin\jsvml.dll

Deoptimization events (0 events):
No events

Classes loaded (0 events):
No events

Classes unloaded (0 events):
No events

Classes redefined (0 events):
No events

Internal exceptions (0 events):
No events

VM Operations (0 events):
No events

Memory protections (0 events):
No events

Nmethod flushes (0 events):
No events

Events (9 events):
Event: 0.077 Thread 0x000001e7e3f3ec80 Thread added: 0x000001e7e3f3ec80
Event: 0.094 Thread 0x000001e7e3f3ec80 Thread added: 0x000001e784cac140
Event: 0.094 Thread 0x000001e7e3f3ec80 Thread added: 0x000001e784cade10
Event: 0.095 Thread 0x000001e7e3f3ec80 Thread added: 0x000001e784caf080
Event: 0.095 Thread 0x000001e7e3f3ec80 Thread added: 0x000001e784caff60
Event: 0.095 Thread 0x000001e7e3f3ec80 Thread added: 0x000001e784cb49e0
Event: 0.095 Thread 0x000001e7e3f3ec80 Thread added: 0x000001e784cb5440
Event: 0.095 Thread 0x000001e7e3f3ec80 Thread added: 0x000001e784cc1af0
Event: 0.095 Thread 0x000001e7e3f3ec80 Thread added: 0x000001e784cc65d0


Dynamic libraries:
0x00007ff79f730000 - 0x00007ff79f73e000 	C:\Users\Admin\.jdks\corretto-23.0.2\bin\java.exe
0x00007ffba7d30000 - 0x00007ffba7f28000 	C:\Windows\SYSTEM32\ntdll.dll
0x00007ffb7ed90000 - 0x00007ffb7edb0000 	C:\Program Files\Avast Software\Avast\aswhook.dll
0x00007ffba5ee0000 - 0x00007ffba5f9f000 	C:\Windows\System32\KERNEL32.DLL
0x00007ffba5970000 - 0x00007ffba5c66000 	C:\Windows\System32\KERNELBASE.dll
0x00007ffba56d0000 - 0x00007ffba57d0000 	C:\Windows\System32\ucrtbase.dll
0x00007ffba03d0000 - 0x00007ffba03e7000 	C:\Users\Admin\.jdks\corretto-23.0.2\bin\jli.dll
0x00007ffb9bbc0000 - 0x00007ffb9bbdb000 	C:\Users\Admin\.jdks\corretto-23.0.2\bin\VCRUNTIME140.dll
0x00007ffba6670000 - 0x00007ffba680d000 	C:\Windows\System32\USER32.dll
0x00007ffba5570000 - 0x00007ffba5592000 	C:\Windows\System32\win32u.dll
0x00007ffb908a0000 - 0x00007ffb90b3a000 	C:\Windows\WinSxS\amd64_microsoft.windows.common-controls_6595b64144ccf1df_6.0.19041.1110_none_60b5254171f9507e\COMCTL32.dll
0x00007ffba6fa0000 - 0x00007ffba6fcc000 	C:\Windows\System32\GDI32.dll
0x00007ffba7030000 - 0x00007ffba70ce000 	C:\Windows\System32\msvcrt.dll
0x00007ffba5c70000 - 0x00007ffba5d85000 	C:\Windows\System32\gdi32full.dll
0x00007ffba58d0000 - 0x00007ffba596d000 	C:\Windows\System32\msvcp_win.dll
0x00007ffba6810000 - 0x00007ffba6840000 	C:\Windows\System32\IMM32.DLL
0x00007ffba1090000 - 0x00007ffba109c000 	C:\Users\Admin\.jdks\corretto-23.0.2\bin\vcruntime140_1.dll
0x00007ffb7a850000 - 0x00007ffb7a8dd000 	C:\Users\Admin\.jdks\corretto-23.0.2\bin\msvcp140.dll
0x00007ffb66890000 - 0x00007ffb67668000 	C:\Users\Admin\.jdks\corretto-23.0.2\bin\server\jvm.dll
0x00007ffba65b0000 - 0x00007ffba665f000 	C:\Windows\System32\ADVAPI32.dll
0x00007ffba6f00000 - 0x00007ffba6f9c000 	C:\Windows\System32\sechost.dll
0x00007ffba7140000 - 0x00007ffba7266000 	C:\Windows\System32\RPCRT4.dll
0x00007ffba5e10000 - 0x00007ffba5e7b000 	C:\Windows\System32\WS2_32.dll
0x00007ffba4f90000 - 0x00007ffba4fdb000 	C:\Windows\SYSTEM32\POWRPROF.dll
0x00007ffb9a6b0000 - 0x00007ffb9a6d7000 	C:\Windows\SYSTEM32\WINMM.dll
0x00007ffb9eb40000 - 0x00007ffb9eb4a000 	C:\Windows\SYSTEM32\VERSION.dll
0x00007ffba4f70000 - 0x00007ffba4f82000 	C:\Windows\SYSTEM32\UMPDC.dll
0x00007ffba32e0000 - 0x00007ffba32f2000 	C:\Windows\SYSTEM32\kernel.appcore.dll
0x00007ffb8e440000 - 0x00007ffb8e44a000 	C:\Users\Admin\.jdks\corretto-23.0.2\bin\jimage.dll
0x00007ffb9dbb0000 - 0x00007ffb9dd94000 	C:\Windows\SYSTEM32\DBGHELP.DLL
0x00007ffb9dab0000 - 0x00007ffb9dae4000 	C:\Windows\SYSTEM32\dbgcore.DLL
0x00007ffba5840000 - 0x00007ffba58c2000 	C:\Windows\System32\bcryptPrimitives.dll
0x00007ffba0f00000 - 0x00007ffba0f0e000 	C:\Users\Admin\.jdks\corretto-23.0.2\bin\instrument.dll
0x00007ffb89460000 - 0x00007ffb8947e000 	C:\Users\Admin\.jdks\corretto-23.0.2\bin\java.dll
0x00007ffba5fa0000 - 0x00007ffba60ca000 	C:\Windows\System32\ole32.dll
0x00007ffba60d0000 - 0x00007ffba6424000 	C:\Windows\System32\combase.dll
0x00007ffba75a0000 - 0x00007ffba7ce4000 	C:\Windows\System32\SHELL32.dll
0x00007ffba34e0000 - 0x00007ffba3c74000 	C:\Windows\SYSTEM32\windows.storage.dll
0x00007ffba4d80000 - 0x00007ffba4dae000 	C:\Windows\SYSTEM32\Wldp.dll
0x00007ffba6d70000 - 0x00007ffba6e1d000 	C:\Windows\System32\SHCORE.dll
0x00007ffba70e0000 - 0x00007ffba7135000 	C:\Windows\System32\shlwapi.dll
0x00007ffba5340000 - 0x00007ffba5365000 	C:\Windows\SYSTEM32\profapi.dll
0x00007ffb78fb0000 - 0x00007ffb79087000 	C:\Users\Admin\.jdks\corretto-23.0.2\bin\jsvml.dll
0x00007ffb8e170000 - 0x00007ffb8e180000 	C:\Users\Admin\.jdks\corretto-23.0.2\bin\net.dll
0x00007ffba4ae0000 - 0x00007ffba4b4a000 	C:\Windows\system32\mswsock.dll
0x00007ffb89440000 - 0x00007ffb89456000 	C:\Users\Admin\.jdks\corretto-23.0.2\bin\nio.dll
0x00007ffb89320000 - 0x00007ffb89337000 	C:\Users\Admin\.jdks\corretto-23.0.2\bin\zip.dll

dbghelp: loaded successfully - version: 4.0.5 - missing functions: none
symbol engine: initialized successfully - sym options: 0x614 - pdb path: .;C:\Users\Admin\.jdks\corretto-23.0.2\bin;C:\Windows\SYSTEM32;C:\Program Files\Avast Software\Avast;C:\Windows\WinSxS\amd64_microsoft.windows.common-controls_6595b64144ccf1df_6.0.19041.1110_none_60b5254171f9507e;C:\Users\Admin\.jdks\corretto-23.0.2\bin\server

VM Arguments:
jvm_args: -javaagent:T:\PHAN_MEM\IntelliJ IDEA 2024.3.5\lib\idea_rt.jar=54331 -Dfile.encoding=UTF-8 -Dsun.stdout.encoding=UTF-8 -Dsun.stderr.encoding=UTF-8 --module-path=C:\Users\Admin\.m2\repository\org\openjfx\javafx-graphics\23.0.1\javafx-graphics-23.0.1-win.jar;C:\Users\Admin\.m2\repository\org\openjfx\javafx-base\23.0.1\javafx-base-23.0.1-win.jar;T:\HOC_TAP\LAP_TRINH\LAPTRINH_JAVA\GiaoDienMoi\target\classes;T:\HOC_TAP\LAP_TRINH\LAPTRINH_JAVA\GiaoDienMoi\PLUGINS\fontawesomefx-8.2.jar;C:\Users\Admin\.m2\repository\org\openjfx\javafx-fxml\23.0.1\javafx-fxml-23.0.1-win.jar;C:\Users\Admin\.m2\repository\org\openjfx\javafx-controls\23.0.1\javafx-controls-23.0.1-win.jar;C:\Users\Admin\.m2\repository\org\mindrot\jbcrypt\0.4\jbcrypt-0.4.jar -Djdk.module.main=com.antam.app 
java_command: com.antam.app/com.antam.app.gui.GiaoDienChinh
java_class_path (initial): C:\Users\Admin\.m2\repository\org\openjfx\javafx-controls\23.0.1\javafx-controls-23.0.1.jar;C:\Users\Admin\.m2\repository\org\openjfx\javafx-graphics\23.0.1\javafx-graphics-23.0.1.jar;C:\Users\Admin\.m2\repository\org\openjfx\javafx-base\23.0.1\javafx-base-23.0.1.jar;C:\Users\Admin\.m2\repository\org\openjfx\javafx-fxml\23.0.1\javafx-fxml-23.0.1.jar;T:\HOC_TAP\LAP_TRINH\LAPTRINH_JAVA\GiaoDienMoi\PLUGINS\sqljdbc42.jar
Launcher Type: SUN_STANDARD

[Global flags]
     intx CICompilerCount                          = 12                                        {product} {ergonomic}
     uint ConcGCThreads                            = 5                                         {product} {ergonomic}
     uint G1ConcRefinementThreads                  = 18                                        {product} {ergonomic}
   size_t G1HeapRegionSize                         = 2097152                                   {product} {ergonomic}
   size_t InitialHeapSize                          = 266338304                                 {product} {ergonomic}
   size_t MarkStackSize                            = 4194304                                   {product} {ergonomic}
   size_t MarkStackSizeMax                         = 536870912                                 {product} {ergonomic}
   size_t MaxHeapSize                              = 4255121408                                {product} {ergonomic}
   size_t MaxNewSize                               = 2552233984                                {product} {ergonomic}
   size_t MinHeapDeltaBytes                        = 2097152                                   {product} {ergonomic}
   size_t MinHeapSize                              = 8388608                                   {product} {ergonomic}
    uintx NonNMethodCodeHeapSize                   = 7602176                                {pd product} {ergonomic}
    uintx NonProfiledCodeHeapSize                  = 122093568                              {pd product} {ergonomic}
    uintx ProfiledCodeHeapSize                     = 121962496                              {pd product} {ergonomic}
    uintx ReservedCodeCacheSize                    = 251658240                              {pd product} {ergonomic}
     bool SegmentedCodeCache                       = true                                      {product} {ergonomic}
   size_t SoftMaxHeapSize                          = 4255121408                             {manageable} {ergonomic}
     bool UseCompressedOops                        = true                           {product lp64_product} {ergonomic}
     bool UseG1GC                                  = true                                      {product} {ergonomic}
     bool UseLargePagesIndividualAllocation        = false                                  {pd product} {ergonomic}

Logging:
Log output configuration:
 #0: stdout all=warning uptime,level,tags foldmultilines=false
 #1: stderr all=off uptime,level,tags foldmultilines=false

Environment Variables:
PATH=C:\Program Files\Microsoft MPI\Bin\;C:\Program Files (x86)\Common Files\Oracle\Java\javapath;C:\Windows\system32;C:\Windows;C:\Windows\System32\Wbem;C:\Windows\System32\WindowsPowerShell\v1.0\;C:\Windows\System32\OpenSSH\;C:\Program Files\Git\cmd;C:\Program Files (x86)\Microsoft SQL Server\160\DTS\Binn\;C:\Program Files (x86)\Microsoft SQL Server\160\Tools\Binn\;C:\Program Files\Microsoft SQL Server\160\Tools\Binn\;C:\Program Files\Microsoft SQL Server\Client SDK\ODBC\170\Tools\Binn\;C:\Program Files\Microsoft SQL Server\160\DTS\Binn\;C:\Program Files\dotnet\;T:\PHAN_MEM\NodeJs\;C:\Users\Admin\AppData\Local\Microsoft\WindowsApps;T:\PHAN_MEM\Microsoft VS Code\bin;T:\PHAN_MEM\IntelliJ IDEA 2024.3.5\bin;;C:\Users\Admin\.dotnet\tools;C:\Users\Admin\AppData\Roaming\npm
USERNAME=Admin
OS=Windows_NT
PROCESSOR_IDENTIFIER=Intel64 Family 6 Model 63 Stepping 2, GenuineIntel
TMP=C:\Users\Admin\AppData\Local\Temp
TEMP=C:\Users\Admin\AppData\Local\Temp




Periodic native trim disabled

---------------  S Y S T E M  ---------------

OS:
 Windows 10 , 64 bit Build 19041 (10.0.19041.3155)
OS uptime: 0 days 7:04 hours

CPU: total 24 (initial active 24) (12 cores per cpu, 2 threads per core) family 6 model 63 stepping 2 microcode 0x43, cx8, cmov, fxsr, ht, mmx, sse, sse2, sse3, ssse3, sse4.1, sse4.2, popcnt, lzcnt, tsc, tscinvbit, avx, avx2, aes, erms, clmul, bmi1, bmi2, fma, vzeroupper, clflush, rdtscp, f16c
Processor Information for the first 24 processors :
  Max Mhz: 2401, Current Mhz: 2401, Mhz Limit: 2401

Memory: 4k page, system-wide physical 16225M (5693M free)
TotalPageFile size 16225M (AvailPageFile size 0M)
current process WorkingSet (physical memory assigned to process): 41M, peak: 41M
current process commit charge ("private bytes"): 361M, peak: 362M

vm_info: OpenJDK 64-Bit Server VM (23.0.2+7-FR) for windows-amd64 JRE (23.0.2+7-FR), built on 2025-01-07T22:59:58Z with MS VC++ 16.10 / 16.11 (VS2019)

END.
